C:\Program Files (x86)\Microsoft Visual Studio\2019\Community\MSBuild\Microsoft\VC\v160\Microsoft.CppCommon.targets(37,5): warning MSB4211: The property "IntermediateOutputPath" is being set to a value for the first time, but it was already consumed at "C:\Program Files (x86)\Microsoft Visual Studio\2019\Community\MSBuild\Microsoft\VC\v160\Microsoft.CppCommon.targets (36,5)".
C:\Program Files (x86)\Microsoft Visual Studio\2019\Community\MSBuild\Current\Bin\Microsoft.Common.CurrentVersion.targets(340,5): warning MSB4211: The property "CleanFile" is being set to a value for the first time, but it was already consumed at "C:\Program Files (x86)\Microsoft Visual Studio\2019\Community\MSBuild\Microsoft\VC\v160\Microsoft.CppCommon.targets (36,5)".
cl : command line warning D9035: option 'Gm' has been deprecated and will be removed in a future release
  voicechat.cpp
  VectorEntity.cpp
  Sun.cpp
  stdafx.cpp
  StatsAndAchievements.cpp
  StarField.cpp
  SpaceWarServer.cpp
  SpaceWarEntity.cpp
  SpaceWarClient.cpp
  Ship.cpp
  ServerBrowser.cpp
  RemoteStorage.cpp
  RemotePlay.cpp
  QuitMenu.cpp
  PhotonBeam.cpp
  p2pauth.cpp
  musicplayer.cpp
  MainMenu.cpp
  Main.cpp
  Lobby.cpp
  Generating Code...
  Compiling...
  Leaderboards.cpp
  Inventory.cpp
  htmlsurface.cpp
  gameenginewin32.cpp
  Friends.cpp
  connectingmenu.cpp
  clanchatroom.cpp
  BaseMenu.cpp
  Generating Code...
BaseMenu.obj : warning LNK4075: ignoring '/EDITANDCONTINUE' due to '/SAFESEH' specification
  SteamworksExample.vcxproj -> C:\UnrealProjects\UE4-Multiplayer-Shooter\sdk\steamworksexample\Debug\SteamworksExample.exe
          1 file(s) copied.
          1 file(s) copied.
