c:\unrealprojects\ue4-multiplayer-shooter\sdk\steamworksexample\debug\vc142.pdb
c:\unrealprojects\ue4-multiplayer-shooter\sdk\steamworksexample\debug\vc142.idb
c:\unrealprojects\ue4-multiplayer-shooter\sdk\steamworksexample\debug\quitmenu.obj
c:\unrealprojects\ue4-multiplayer-shooter\sdk\steamworksexample\debug\remoteplay.obj
c:\unrealprojects\ue4-multiplayer-shooter\sdk\steamworksexample\debug\remotestorage.obj
c:\unrealprojects\ue4-multiplayer-shooter\sdk\steamworksexample\debug\serverbrowser.obj
c:\unrealprojects\ue4-multiplayer-shooter\sdk\steamworksexample\debug\ship.obj
c:\unrealprojects\ue4-multiplayer-shooter\sdk\steamworksexample\debug\spacewarclient.obj
c:\unrealprojects\ue4-multiplayer-shooter\sdk\steamworksexample\debug\spacewarentity.obj
c:\unrealprojects\ue4-multiplayer-shooter\sdk\steamworksexample\debug\spacewarserver.obj
c:\unrealprojects\ue4-multiplayer-shooter\sdk\steamworksexample\debug\starfield.obj
c:\unrealprojects\ue4-multiplayer-shooter\sdk\steamworksexample\debug\statsandachievements.obj
c:\unrealprojects\ue4-multiplayer-shooter\sdk\steamworksexample\debug\sun.obj
c:\unrealprojects\ue4-multiplayer-shooter\sdk\steamworksexample\debug\vectorentity.obj
c:\unrealprojects\ue4-multiplayer-shooter\sdk\steamworksexample\debug\clanchatroom.obj
c:\unrealprojects\ue4-multiplayer-shooter\sdk\steamworksexample\debug\connectingmenu.obj
c:\unrealprojects\ue4-multiplayer-shooter\sdk\steamworksexample\debug\gameenginewin32.obj
c:\unrealprojects\ue4-multiplayer-shooter\sdk\steamworksexample\debug\htmlsurface.obj
c:\unrealprojects\ue4-multiplayer-shooter\sdk\steamworksexample\debug\musicplayer.obj
c:\unrealprojects\ue4-multiplayer-shooter\sdk\steamworksexample\debug\p2pauth.obj
c:\unrealprojects\ue4-multiplayer-shooter\sdk\steamworksexample\debug\stdafx.obj
c:\unrealprojects\ue4-multiplayer-shooter\sdk\steamworksexample\debug\voicechat.obj
c:\unrealprojects\ue4-multiplayer-shooter\sdk\steamworksexample\debug\basemenu.obj
c:\unrealprojects\ue4-multiplayer-shooter\sdk\steamworksexample\debug\friends.obj
c:\unrealprojects\ue4-multiplayer-shooter\sdk\steamworksexample\debug\inventory.obj
c:\unrealprojects\ue4-multiplayer-shooter\sdk\steamworksexample\debug\leaderboards.obj
c:\unrealprojects\ue4-multiplayer-shooter\sdk\steamworksexample\debug\lobby.obj
c:\unrealprojects\ue4-multiplayer-shooter\sdk\steamworksexample\debug\main.obj
c:\unrealprojects\ue4-multiplayer-shooter\sdk\steamworksexample\debug\mainmenu.obj
c:\unrealprojects\ue4-multiplayer-shooter\sdk\steamworksexample\debug\photonbeam.obj
c:\unrealprojects\ue4-multiplayer-shooter\sdk\steamworksexample\debug\steamworksexample.ilk
c:\unrealprojects\ue4-multiplayer-shooter\sdk\steamworksexample\debug\steamworksexample.exe
c:\unrealprojects\ue4-multiplayer-shooter\sdk\steamworksexample\debug\steamworksexample.pdb
c:\unrealprojects\ue4-multiplayer-shooter\sdk\steamworksexample\debug\steamwor.f9b80fd0.tlog\cl.command.1.tlog
c:\unrealprojects\ue4-multiplayer-shooter\sdk\steamworksexample\debug\steamwor.f9b80fd0.tlog\cl.read.1.tlog
c:\unrealprojects\ue4-multiplayer-shooter\sdk\steamworksexample\debug\steamwor.f9b80fd0.tlog\cl.write.1.tlog
c:\unrealprojects\ue4-multiplayer-shooter\sdk\steamworksexample\debug\steamwor.f9b80fd0.tlog\link.command.1.tlog
c:\unrealprojects\ue4-multiplayer-shooter\sdk\steamworksexample\debug\steamwor.f9b80fd0.tlog\link.read.1.tlog
c:\unrealprojects\ue4-multiplayer-shooter\sdk\steamworksexample\debug\steamwor.f9b80fd0.tlog\link.write.1.tlog
